Mplus VERSION 8.11
MUTHEN & MUTHEN
01/06/2025  10:15 AM

INPUT INSTRUCTIONS

  TITLE:
  Requesting svalues
  DATA:
  FILE = "C:/Users/dnajiarch/Box/IES_IMMERSE/youtube_materials/mini_topics/
  svalues/svalues_output/svalues.dat";
  VARIABLE:
  NAMES = report_dis report_race report_sex counselors_fte psych_fte law_fte;
   MISSING=.;
   categorical = report_dis-law_fte;
       usevar = report_dis-law_fte;
       classes = c(3);
  ANALYSIS:
  estimator = mlr;
       type = mixture;
       starts = 0;
       optseed = 802779;
  OUTPUT:
  tech11 tech14 svalues(3 1 2);



*** WARNING in VARIABLE command
  Note that only the first 8 characters of variable names are used in the output.
  Shorten variable names to avoid any confusion.
   1 WARNING(S) FOUND IN THE INPUT INSTRUCTIONS




Requesting svalues

SUMMARY OF ANALYSIS

Number of groups                                                 1
Number of observations                                        2027

Number of dependent variables                                    6
Number of independent variables                                  0
Number of continuous latent variables                            0
Number of categorical latent variables                           1

Observed dependent variables

  Binary and ordered categorical (ordinal)
   REPORT_D    REPORT_R    REPORT_S    COUNSELO    PSYCH_FT    LAW_FTE

Categorical latent variables
   C


Estimator                                                      MLR
Information matrix                                        OBSERVED
Optimization Specifications for the Quasi-Newton Algorithm for
Continuous Outcomes
  Maximum number of iterations                                 100
  Convergence criterion                                  0.100D-05
Optimization Specifications for the EM Algorithm
  Maximum number of iterations                                 500
  Convergence criteria
    Loglikelihood change                                 0.100D-06
    Relative loglikelihood change                        0.100D-06
    Derivative                                           0.100D-05
Optimization Specifications for the M step of the EM Algorithm for
Categorical Latent variables
  Number of M step iterations                                    1
  M step convergence criterion                           0.100D-05
  Basis for M step termination                           ITERATION
Optimization Specifications for the M step of the EM Algorithm for
Censored, Binary or Ordered Categorical (Ordinal), Unordered
Categorical (Nominal) and Count Outcomes
  Number of M step iterations                                    1
  M step convergence criterion                           0.100D-05
  Basis for M step termination                           ITERATION
  Maximum value for logit thresholds                            15
  Minimum value for logit thresholds                           -15
  Minimum expected cell size for chi-square              0.100D-01
Maximum number of iterations for H1                           2000
Convergence criterion for H1                             0.100D-03
Optimization algorithm                                         EMA
Random Starts Specifications
  Random seed for analysis                                  802779
Link                                                         LOGIT

Input data file(s)
  C:/Users/dnajiarch/Box/IES_IMMERSE/youtube_materials/mini_topics/svalues/svalu
Input data format  FREE


SUMMARY OF DATA

     Number of missing data patterns             4
     Number of y missing data patterns           0
     Number of u missing data patterns           4


COVARIANCE COVERAGE OF DATA

Minimum covariance coverage value   0.100


     PROPORTION OF DATA PRESENT FOR U


           Covariance Coverage
              REPORT_D      REPORT_R      REPORT_S      COUNSELO      PSYCH_FT
              ________      ________      ________      ________      ________
 REPORT_D       0.987
 REPORT_R       0.987         0.987
 REPORT_S       0.987         0.987         0.987
 COUNSELO       0.973         0.973         0.973         0.987
 PSYCH_FT       0.972         0.972         0.972         0.985         0.985
 LAW_FTE        0.973         0.973         0.973         0.987         0.985


           Covariance Coverage
              LAW_FTE
              ________
 LAW_FTE        0.987


UNIVARIATE PROPORTIONS AND COUNTS FOR CATEGORICAL VARIABLES

    REPORT_D
      Category 1    0.958         1915.000
      Category 2    0.043           85.000
    REPORT_R
      Category 1    0.897         1794.000
      Category 2    0.103          206.000
    REPORT_S
      Category 1    0.830         1660.000
      Category 2    0.170          340.000
    COUNSELO
      Category 1    0.540         1081.000
      Category 2    0.460          919.000
    PSYCH_FT
      Category 1    0.526         1050.000
      Category 2    0.474          947.000
    LAW_FTE
      Category 1    0.875         1749.000
      Category 2    0.126          251.000


     IN THE OPTIMIZATION, ONE OR MORE LOGIT THRESHOLDS APPROACHED EXTREME VALUES
     OF -15.000 AND 15.000 AND WERE FIXED TO STABILIZE MODEL ESTIMATION.  THESE
     VALUES IMPLY PROBABILITIES OF 0 AND 1.  IN THE MODEL RESULTS SECTION, THESE
     PARAMETERS HAVE 0 STANDARD ERRORS AND 999 IN THE Z-SCORE AND P-VALUE COLUMNS.




THE MODEL ESTIMATION TERMINATED NORMALLY



MODEL FIT INFORMATION

Number of Free Parameters                       20

Loglikelihood

          H0 Value                       -5122.478
          H0 Scaling Correction Factor      1.0169
            for MLR

Information Criteria

          Akaike (AIC)                   10284.955
          Bayesian (BIC)                 10397.241
          Sample-Size Adjusted BIC       10333.700
            (n* = (n + 2) / 24)

Chi-Square Test of Model Fit for the Binary and Ordered Categorical
(Ordinal) Outcomes

          Pearson Chi-Square

          Value                             69.831
          Degrees of Freedom                    43
          P-Value                           0.0060

          Likelihood Ratio Chi-Square

          Value                             75.756
          Degrees of Freedom                    43
          P-Value                           0.0015

Chi-Square Test for MCAR under the Unrestricted Latent Class Indicator Model

          Pearson Chi-Square

          Value                             42.095
          Degrees of Freedom                    45
          P-Value                           0.5958

          Likelihood Ratio Chi-Square

          Value                             57.954
          Degrees of Freedom                    45
          P-Value                           0.0931



FINAL CLASS COUNTS AND PROPORTIONS FOR THE LATENT CLASSES
BASED ON THE ESTIMATED MODEL

    Latent
   Classes

       1       1305.91479          0.64426
       2        505.55355          0.24941
       3        215.53166          0.10633


FINAL CLASS COUNTS AND PROPORTIONS FOR THE LATENT CLASSES
BASED ON ESTIMATED POSTERIOR PROBABILITIES

    Latent
   Classes

       1       1305.91479          0.64426
       2        505.55355          0.24941
       3        215.53166          0.10633


FINAL CLASS COUNTS AND PROPORTIONS FOR THE LATENT CLASSES
BASED ON THEIR MOST LIKELY LATENT CLASS MEMBERSHIP

Class Counts and Proportions

    Latent
   Classes

       1             1262          0.62259
       2              572          0.28219
       3              193          0.09521


CLASSIFICATION QUALITY

     Entropy                         0.635


Average Latent Class Probabilities for Most Likely Latent Class Membership (Row)
by Latent Class (Column)

           1        2        3

    1   0.893    0.093    0.014
    2   0.284    0.675    0.041
    3   0.084    0.012    0.904


Classification Probabilities for the Most Likely Latent Class Membership (Column)
by Latent Class (Row)

           1        2        3

    1   0.863    0.125    0.012
    2   0.232    0.764    0.005
    3   0.082    0.108    0.810


Logits for the Classification Probabilities for the Most Likely Latent Class Membership (Column)
by Latent Class (Row)

              1        2        3

    1      4.247    2.311    0.000
    2      3.911    5.103    0.000
    3     -2.292   -2.011    0.000


MODEL RESULTS

                                                    Two-Tailed
                    Estimate       S.E.  Est./S.E.    P-Value

Latent Class 1

 Thresholds
    REPORT_D$1         4.659      0.421     11.079      0.000
    REPORT_R$1         3.630      0.312     11.639      0.000
    REPORT_S$1         2.906      0.214     13.594      0.000
    COUNSELO$1         0.746      0.098      7.584      0.000
    PSYCH_FT$1         0.735      0.108      6.803      0.000
    LAW_FTE$1          3.929      0.657      5.981      0.000

Latent Class 2

 Thresholds
    REPORT_D$1         4.062      0.723      5.620      0.000
    REPORT_R$1        15.000      0.000    999.000    999.000
    REPORT_S$1         1.090      0.188      5.786      0.000
    COUNSELO$1        -1.253      0.296     -4.236      0.000
    PSYCH_FT$1        -1.215      0.251     -4.845      0.000
    LAW_FTE$1          0.662      0.173      3.833      0.000

Latent Class 3

 Thresholds
    REPORT_D$1         0.841      0.176      4.770      0.000
    REPORT_R$1        -1.436      0.476     -3.017      0.003
    REPORT_S$1        -0.785      0.213     -3.680      0.000
    COUNSELO$1        -0.176      0.169     -1.041      0.298
    PSYCH_FT$1        -0.762      0.175     -4.361      0.000
    LAW_FTE$1          1.036      0.192      5.408      0.000

Categorical Latent Variables

 Means
    C#1                1.802      0.153     11.777      0.000
    C#2                0.853      0.207      4.126      0.000


QUALITY OF NUMERICAL RESULTS

     Condition Number for the Information Matrix              0.232E-02
       (ratio of smallest to largest eigenvalue)


RESULTS IN PROBABILITY SCALE

                                                    Two-Tailed
                    Estimate       S.E.  Est./S.E.    P-Value

Latent Class 1

 REPORT_DIS
    Category 1         0.991      0.004    253.261      0.000
    Category 2         0.009      0.004      2.401      0.016
 REPORT_RAC
    Category 1         0.974      0.008    124.102      0.000
    Category 2         0.026      0.008      3.292      0.001
 REPORT_SEX
    Category 1         0.948      0.011     90.202      0.000
    Category 2         0.052      0.011      4.934      0.000
 COUNSELORS
    Category 1         0.678      0.021     31.603      0.000
    Category 2         0.322      0.021     14.990      0.000
 PSYCH_FTE
    Category 1         0.676      0.024     28.558      0.000
    Category 2         0.324      0.024     13.694      0.000
 LAW_FTE
    Category 1         0.981      0.012     78.918      0.000
    Category 2         0.019      0.012      1.552      0.121

Latent Class 2

 REPORT_DIS
    Category 1         0.983      0.012     81.767      0.000
    Category 2         0.017      0.012      1.407      0.159
 REPORT_RAC
    Category 1         1.000      0.000      0.000      1.000
    Category 2         0.000      0.000      0.000      1.000
 REPORT_SEX
    Category 1         0.748      0.035     21.096      0.000
    Category 2         0.252      0.035      7.093      0.000
 COUNSELORS
    Category 1         0.222      0.051      4.344      0.000
    Category 2         0.778      0.051     15.215      0.000
 PSYCH_FTE
    Category 1         0.229      0.044      5.171      0.000
    Category 2         0.771      0.044     17.428      0.000
 LAW_FTE
    Category 1         0.660      0.039     17.008      0.000
    Category 2         0.340      0.039      8.769      0.000

Latent Class 3

 REPORT_DIS
    Category 1         0.699      0.037     18.818      0.000
    Category 2         0.301      0.037      8.112      0.000
 REPORT_RAC
    Category 1         0.192      0.074      2.600      0.009
    Category 2         0.808      0.074     10.935      0.000
 REPORT_SEX
    Category 1         0.313      0.046      6.821      0.000
    Category 2         0.687      0.046     14.963      0.000
 COUNSELORS
    Category 1         0.456      0.042     10.881      0.000
    Category 2         0.544      0.042     12.973      0.000
 PSYCH_FTE
    Category 1         0.318      0.038      8.393      0.000
    Category 2         0.682      0.038     17.983      0.000
 LAW_FTE
    Category 1         0.738      0.037     19.926      0.000
    Category 2         0.262      0.037      7.068      0.000


LATENT CLASS INDICATOR ODDS RATIOS FOR THE LATENT CLASSES

                                                95% C.I.
                    Estimate       S.E.  Lower 2.5% Upper 2.5%

Latent Class 1 Compared to Latent Class 2

 REPORT_D
    Category > 1       0.551      0.524      0.085      3.553
 REPORT_R
    Category > 1   86710.961      0.000  86710.969  86710.969
 REPORT_S
    Category > 1       0.163      0.045      0.095      0.279
 COUNSELO
    Category > 1       0.135      0.040      0.076      0.240
 PSYCH_FT
    Category > 1       0.142      0.036      0.086      0.234
 LAW_FTE
    Category > 1       0.038      0.024      0.011      0.134

Latent Class 1 Compared to Latent Class 3

 REPORT_D
    Category > 1       0.022      0.010      0.009      0.053
 REPORT_R
    Category > 1       0.006      0.004      0.002      0.019
 REPORT_S
    Category > 1       0.025      0.007      0.014      0.044
 COUNSELO
    Category > 1       0.398      0.078      0.270      0.586
 PSYCH_FT
    Category > 1       0.224      0.046      0.150      0.334
 LAW_FTE
    Category > 1       0.055      0.038      0.015      0.211

Latent Class 2 Compared to Latent Class 3

 REPORT_D
    Category > 1       0.040      0.030      0.009      0.173
 REPORT_R
    Category > 1       0.000      0.000      0.000      0.000
 REPORT_S
    Category > 1       0.153      0.043      0.088      0.266
 COUNSELO
    Category > 1       2.937      1.017      1.490      5.790
 PSYCH_FT
    Category > 1       1.573      0.487      0.857      2.886
 LAW_FTE
    Category > 1       1.453      0.381      0.869      2.430


MODEL COMMAND WITH FINAL ESTIMATES USED AS STARTING VALUES

     %OVERALL%

     [ c#1*1.80155 ];
     [ c#2*0.85255 ];

     %C#1%

     [ report_dis$1*4.65868 ];
     [ report_race$1*3.62966 ];
     [ report_sex$1*2.90587 ];
     [ counselors_fte$1*0.74587 ];
     [ psych_fte$1*0.73497 ];
     [ law_fte$1*3.92868 ];

     %C#2%

     [ report_dis$1*4.06221 ];
     [ report_race$1*15 ];
     [ report_sex$1*1.08994 ];
     [ counselors_fte$1*-1.25342 ];
     [ psych_fte$1*-1.21506 ];
     [ law_fte$1*0.66250 ];

     %C#3%

     [ report_dis$1*0.84146 ];
     [ report_race$1*-1.43636 ];
     [ report_sex$1*-0.78550 ];
     [ counselors_fte$1*-0.17590 ];
     [ psych_fte$1*-0.76206 ];
     [ law_fte$1*1.03645 ];



TECHNICAL 11 OUTPUT

     Random Starts Specifications for the k-1 Class Analysis Model
        Number of initial stage random starts                  20
        Number of final stage optimizations                     4



     VUONG-LO-MENDELL-RUBIN LIKELIHOOD RATIO TEST FOR 2 (H0) VERSUS 3 CLASSES

          H0 Loglikelihood Value                        -5194.136
          2 Times the Loglikelihood Difference            143.317
          Difference in the Number of Parameters                7
          Mean                                             -0.421
          Standard Deviation                               12.569
          P-Value                                          0.0000

     LO-MENDELL-RUBIN ADJUSTED LRT TEST

          Value                                           140.677
          P-Value                                          0.0000


TECHNICAL 14 OUTPUT

     Random Starts Specifications for the k-1 Class Analysis Model
        Number of initial stage random starts                  20
        Number of final stage optimizations                     4

     Random Starts Specification for the k-1 Class Model for Generated Data
        Number of initial stage random starts                   0
        Number of final stage optimizations for the
           initial stage random starts                          0
     Random Starts Specification for the k Class Model for Generated Data
        Number of initial stage random starts                  40
        Number of final stage optimizations                     8
     Number of bootstrap draws requested                   Varies


     PARAMETRIC BOOTSTRAPPED LIKELIHOOD RATIO TEST FOR 2 (H0) VERSUS 3 CLASSES

          H0 Loglikelihood Value                        -5194.136
          2 Times the Loglikelihood Difference            143.317
          Difference in the Number of Parameters                7
          Approximate P-Value                              0.0000
          Successful Bootstrap Draws                            5

     WARNING:  OF THE 5 BOOTSTRAP DRAWS, 4 DRAWS HAD BOTH A SMALLER LRT VALUE THAN THE
     OBSERVED LRT VALUE AND NOT A REPLICATED BEST LOGLIKELIHOOD VALUE FOR THE 3-CLASS MODEL.
     THIS MEANS THAT THE P-VALUE MAY NOT BE TRUSTWORTHY DUE TO LOCAL MAXIMA.
     INCREASE THE NUMBER OF RANDOM STARTS USING THE LRTSTARTS OPTION.



     Beginning Time:  10:15:36
        Ending Time:  10:15:37
       Elapsed Time:  00:00:01



MUTHEN & MUTHEN
3463 Stoner Ave.
Los Angeles, CA  90066

Tel: (310) 391-9971
Fax: (310) 391-8971
Web: www.StatModel.com
Support: Support@StatModel.com

Copyright (c) 1998-2024 Muthen & Muthen
